
*** Running vivado
    with args -log basys3_top.vds -m64 -product Vivado -mode batch -messageDb vivado.pb -notrace -source basys3_top.tcl



****** Vivado v2024.1 (64-bit)
  **** SW Build 5076996 on Wed May 22 18:37:14 MDT 2024
  **** IP Build 5075265 on Wed May 22 21:45:21 MDT 2024
  **** SharedData Build 5076995 on Wed May 22 18:29:18 MDT 2024
  **** Start of session at: Thu Sep 11 10:18:53 2025
    ** Copyright 1986-2022 Xilinx, Inc. All Rights Reserved.
    ** Copyright 2022-2024 Advanced Micro Devices, Inc. All Rights Reserved.

source basys3_top.tcl -notrace
create_project: Time (s): cpu = 00:00:08 ; elapsed = 00:00:09 . Memory (MB): peak = 515.375 ; gain = 203.055
Command: read_checkpoint -auto_incremental -incremental C:/Users/benny/Documents/Vivado/140/Assignment_1_Factorial_Accelerator/Assignment_1_Factorial_Accelerator.srcs/utils_1/imports/synth_1/fact_accel.dcp
INFO: [Vivado 12-5825] Read reference checkpoint from C:/Users/benny/Documents/Vivado/140/Assignment_1_Factorial_Accelerator/Assignment_1_Factorial_Accelerator.srcs/utils_1/imports/synth_1/fact_accel.dcp for incremental synthesis
INFO: [Vivado 12-7989] Please ensure there are no constraint changes
Command: synth_design -top basys3_top -part xc7a35tcpg236-1
Starting synth_design
Attempting to get a license for feature 'Synthesis' and/or device 'xc7a35t'
INFO: [Common 17-349] Got license for feature 'Synthesis' and/or device 'xc7a35t'
INFO: [Device 21-403] Loading part xc7a35tcpg236-1
INFO: [Device 21-9227] Part: xc7a35tcpg236-1 does not have CEAM library.
INFO: [Designutils 20-5440] No compile time benefit to using incremental synthesis; A full resynthesis will be run
INFO: [Designutils 20-4379] Flow is switching to default flow due to incremental criteria not met. If you would like to alter this behaviour and have the flow terminate instead, please set the following parameter config_implementation {autoIncr.Synth.RejectBehavior Terminate}
INFO: [Synth 8-7079] Multithreading enabled for synth_design using a maximum of 2 processes.
INFO: [Synth 8-7078] Launching helper process for spawning children vivado processes
INFO: [Synth 8-7075] Helper process launched with PID 5072
---------------------------------------------------------------------------------
Starting RTL Elaboration : Time (s): cpu = 00:00:06 ; elapsed = 00:00:06 . Memory (MB): peak = 1369.004 ; gain = 449.570
---------------------------------------------------------------------------------
WARNING: [Synth 8-10929] literal value 'hFF truncated to fit in 4 bits [C:/Users/benny/Documents/Vivado/140/Assignment_1_Factorial_Accelerator/Assignment_1_Factorial_Accelerator.srcs/sources_1/new/basys3_top.sv:217]
WARNING: [Synth 8-10929] literal value 'hFF truncated to fit in 4 bits [C:/Users/benny/Documents/Vivado/140/Assignment_1_Factorial_Accelerator/Assignment_1_Factorial_Accelerator.srcs/sources_1/new/basys3_top.sv:218]
WARNING: [Synth 8-10929] literal value 'hFF truncated to fit in 4 bits [C:/Users/benny/Documents/Vivado/140/Assignment_1_Factorial_Accelerator/Assignment_1_Factorial_Accelerator.srcs/sources_1/new/basys3_top.sv:219]
WARNING: [Synth 8-10929] literal value 'hFF truncated to fit in 4 bits [C:/Users/benny/Documents/Vivado/140/Assignment_1_Factorial_Accelerator/Assignment_1_Factorial_Accelerator.srcs/sources_1/new/basys3_top.sv:220]
WARNING: [Synth 8-10929] literal value 'hFF truncated to fit in 4 bits [C:/Users/benny/Documents/Vivado/140/Assignment_1_Factorial_Accelerator/Assignment_1_Factorial_Accelerator.srcs/sources_1/new/basys3_top.sv:221]
WARNING: [Synth 8-10929] literal value 'hFF truncated to fit in 4 bits [C:/Users/benny/Documents/Vivado/140/Assignment_1_Factorial_Accelerator/Assignment_1_Factorial_Accelerator.srcs/sources_1/new/basys3_top.sv:222]
WARNING: [Synth 8-10929] literal value 'hFF truncated to fit in 4 bits [C:/Users/benny/Documents/Vivado/140/Assignment_1_Factorial_Accelerator/Assignment_1_Factorial_Accelerator.srcs/sources_1/new/basys3_top.sv:223]
WARNING: [Synth 8-10929] literal value 'hFF truncated to fit in 4 bits [C:/Users/benny/Documents/Vivado/140/Assignment_1_Factorial_Accelerator/Assignment_1_Factorial_Accelerator.srcs/sources_1/new/basys3_top.sv:224]
INFO: [Synth 8-6157] synthesizing module 'basys3_top' [C:/Users/benny/Documents/Vivado/140/Assignment_1_Factorial_Accelerator/Assignment_1_Factorial_Accelerator.srcs/sources_1/new/basys3_top.sv:23]
INFO: [Synth 8-6157] synthesizing module 'fact_accel' [C:/Users/benny/Documents/Vivado/140/Assignment_1_Factorial_Accelerator/Assignment_1_Factorial_Accelerator.srcs/sources_1/new/fact_accel.sv:23]
INFO: [Synth 8-6157] synthesizing module 'control_unit' [C:/Users/benny/Documents/Vivado/140/Assignment_1_Factorial_Accelerator/Assignment_1_Factorial_Accelerator.srcs/sources_1/new/control_unit.sv:23]
WARNING: [Synth 8-589] replacing case/wildcard equality operator === with logical equality operator == [C:/Users/benny/Documents/Vivado/140/Assignment_1_Factorial_Accelerator/Assignment_1_Factorial_Accelerator.srcs/sources_1/new/control_unit.sv:62]
WARNING: [Synth 8-589] replacing case/wildcard equality operator === with logical equality operator == [C:/Users/benny/Documents/Vivado/140/Assignment_1_Factorial_Accelerator/Assignment_1_Factorial_Accelerator.srcs/sources_1/new/control_unit.sv:63]
WARNING: [Synth 8-589] replacing case/wildcard equality operator === with logical equality operator == [C:/Users/benny/Documents/Vivado/140/Assignment_1_Factorial_Accelerator/Assignment_1_Factorial_Accelerator.srcs/sources_1/new/control_unit.sv:64]
WARNING: [Synth 8-589] replacing case/wildcard equality operator === with logical equality operator == [C:/Users/benny/Documents/Vivado/140/Assignment_1_Factorial_Accelerator/Assignment_1_Factorial_Accelerator.srcs/sources_1/new/control_unit.sv:65]
WARNING: [Synth 8-589] replacing case/wildcard equality operator === with logical equality operator == [C:/Users/benny/Documents/Vivado/140/Assignment_1_Factorial_Accelerator/Assignment_1_Factorial_Accelerator.srcs/sources_1/new/control_unit.sv:66]
WARNING: [Synth 8-589] replacing case/wildcard equality operator === with logical equality operator == [C:/Users/benny/Documents/Vivado/140/Assignment_1_Factorial_Accelerator/Assignment_1_Factorial_Accelerator.srcs/sources_1/new/control_unit.sv:67]
WARNING: [Synth 8-589] replacing case/wildcard equality operator === with logical equality operator == [C:/Users/benny/Documents/Vivado/140/Assignment_1_Factorial_Accelerator/Assignment_1_Factorial_Accelerator.srcs/sources_1/new/control_unit.sv:68]
INFO: [Synth 8-6155] done synthesizing module 'control_unit' (0#1) [C:/Users/benny/Documents/Vivado/140/Assignment_1_Factorial_Accelerator/Assignment_1_Factorial_Accelerator.srcs/sources_1/new/control_unit.sv:23]
INFO: [Synth 8-6157] synthesizing module 'data_path' [C:/Users/benny/Documents/Vivado/140/Assignment_1_Factorial_Accelerator/Assignment_1_Factorial_Accelerator.srcs/sources_1/new/data_path.sv:23]
INFO: [Synth 8-6157] synthesizing module 'cnt' [C:/Users/benny/Documents/Vivado/140/Assignment_1_Factorial_Accelerator/Assignment_1_Factorial_Accelerator.srcs/sources_1/new/cnt.sv:23]
INFO: [Synth 8-6155] done synthesizing module 'cnt' (0#1) [C:/Users/benny/Documents/Vivado/140/Assignment_1_Factorial_Accelerator/Assignment_1_Factorial_Accelerator.srcs/sources_1/new/cnt.sv:23]
INFO: [Synth 8-6157] synthesizing module 'reg32' [C:/Users/benny/Documents/Vivado/140/Assignment_1_Factorial_Accelerator/Assignment_1_Factorial_Accelerator.srcs/sources_1/new/reg32.sv:23]
WARNING: [Synth 8-6090] variable 'data' is written by both blocking and non-blocking assignments, entire logic could be removed [C:/Users/benny/Documents/Vivado/140/Assignment_1_Factorial_Accelerator/Assignment_1_Factorial_Accelerator.srcs/sources_1/new/reg32.sv:34]
INFO: [Synth 8-6155] done synthesizing module 'reg32' (0#1) [C:/Users/benny/Documents/Vivado/140/Assignment_1_Factorial_Accelerator/Assignment_1_Factorial_Accelerator.srcs/sources_1/new/reg32.sv:23]
INFO: [Synth 8-6155] done synthesizing module 'data_path' (0#1) [C:/Users/benny/Documents/Vivado/140/Assignment_1_Factorial_Accelerator/Assignment_1_Factorial_Accelerator.srcs/sources_1/new/data_path.sv:23]
INFO: [Synth 8-6155] done synthesizing module 'fact_accel' (0#1) [C:/Users/benny/Documents/Vivado/140/Assignment_1_Factorial_Accelerator/Assignment_1_Factorial_Accelerator.srcs/sources_1/new/fact_accel.sv:23]
INFO: [Synth 8-6157] synthesizing module 'input_switches' [C:/Users/benny/Documents/Vivado/140/Assignment_1_Factorial_Accelerator/Assignment_1_Factorial_Accelerator.srcs/sources_1/new/basys3_top.sv:155]
INFO: [Synth 8-6155] done synthesizing module 'input_switches' (0#1) [C:/Users/benny/Documents/Vivado/140/Assignment_1_Factorial_Accelerator/Assignment_1_Factorial_Accelerator.srcs/sources_1/new/basys3_top.sv:155]
INFO: [Synth 8-6157] synthesizing module 'clk_gen' [C:/Users/benny/Documents/Vivado/140/Assignment_1_Factorial_Accelerator/Assignment_1_Factorial_Accelerator.srcs/sources_1/new/basys3_top.sv:278]
INFO: [Synth 8-6155] done synthesizing module 'clk_gen' (0#1) [C:/Users/benny/Documents/Vivado/140/Assignment_1_Factorial_Accelerator/Assignment_1_Factorial_Accelerator.srcs/sources_1/new/basys3_top.sv:278]
WARNING: [Synth 8-7071] port 'clksec4' of module 'clk_gen' is unconnected for instance 'U0' [C:/Users/benny/Documents/Vivado/140/Assignment_1_Factorial_Accelerator/Assignment_1_Factorial_Accelerator.srcs/sources_1/new/basys3_top.sv:64]
WARNING: [Synth 8-7023] instance 'U0' of module 'clk_gen' has 4 connections declared, but only 3 given [C:/Users/benny/Documents/Vivado/140/Assignment_1_Factorial_Accelerator/Assignment_1_Factorial_Accelerator.srcs/sources_1/new/basys3_top.sv:64]
INFO: [Synth 8-6157] synthesizing module 'bin2hex32' [C:/Users/benny/Documents/Vivado/140/Assignment_1_Factorial_Accelerator/Assignment_1_Factorial_Accelerator.srcs/sources_1/new/basys3_top.sv:205]
INFO: [Synth 8-6155] done synthesizing module 'bin2hex32' (0#1) [C:/Users/benny/Documents/Vivado/140/Assignment_1_Factorial_Accelerator/Assignment_1_Factorial_Accelerator.srcs/sources_1/new/basys3_top.sv:205]
INFO: [Synth 8-6157] synthesizing module 'HILO_MUX' [C:/Users/benny/Documents/Vivado/140/Assignment_1_Factorial_Accelerator/Assignment_1_Factorial_Accelerator.srcs/sources_1/new/basys3_top.sv:227]
INFO: [Synth 8-6155] done synthesizing module 'HILO_MUX' (0#1) [C:/Users/benny/Documents/Vivado/140/Assignment_1_Factorial_Accelerator/Assignment_1_Factorial_Accelerator.srcs/sources_1/new/basys3_top.sv:227]
INFO: [Synth 8-6157] synthesizing module 'hex2led' [C:/Users/benny/Documents/Vivado/140/Assignment_1_Factorial_Accelerator/Assignment_1_Factorial_Accelerator.srcs/sources_1/new/basys3_top.sv:249]
INFO: [Synth 8-226] default block is never used [C:/Users/benny/Documents/Vivado/140/Assignment_1_Factorial_Accelerator/Assignment_1_Factorial_Accelerator.srcs/sources_1/new/basys3_top.sv:256]
INFO: [Synth 8-6155] done synthesizing module 'hex2led' (0#1) [C:/Users/benny/Documents/Vivado/140/Assignment_1_Factorial_Accelerator/Assignment_1_Factorial_Accelerator.srcs/sources_1/new/basys3_top.sv:249]
INFO: [Synth 8-6157] synthesizing module 'LED_MUX' [C:/Users/benny/Documents/Vivado/140/Assignment_1_Factorial_Accelerator/Assignment_1_Factorial_Accelerator.srcs/sources_1/new/basys3_top.sv:309]
INFO: [Synth 8-226] default block is never used [C:/Users/benny/Documents/Vivado/140/Assignment_1_Factorial_Accelerator/Assignment_1_Factorial_Accelerator.srcs/sources_1/new/basys3_top.sv:327]
INFO: [Synth 8-6155] done synthesizing module 'LED_MUX' (0#1) [C:/Users/benny/Documents/Vivado/140/Assignment_1_Factorial_Accelerator/Assignment_1_Factorial_Accelerator.srcs/sources_1/new/basys3_top.sv:309]
INFO: [Synth 8-6155] done synthesizing module 'basys3_top' (0#1) [C:/Users/benny/Documents/Vivado/140/Assignment_1_Factorial_Accelerator/Assignment_1_Factorial_Accelerator.srcs/sources_1/new/basys3_top.sv:23]
---------------------------------------------------------------------------------
Finished RTL Elaboration : Time (s): cpu = 00:00:08 ; elapsed = 00:00:08 . Memory (MB): peak = 1480.797 ; gain = 561.363
---------------------------------------------------------------------------------
---------------------------------------------------------------------------------
Start Handling Custom Attributes
---------------------------------------------------------------------------------
---------------------------------------------------------------------------------
Finished Handling Custom Attributes : Time (s): cpu = 00:00:08 ; elapsed = 00:00:09 . Memory (MB): peak = 1480.797 ; gain = 561.363
---------------------------------------------------------------------------------
---------------------------------------------------------------------------------
Finished RTL Optimization Phase 1 : Time (s): cpu = 00:00:08 ; elapsed = 00:00:09 . Memory (MB): peak = 1480.797 ; gain = 561.363
---------------------------------------------------------------------------------
Netlist sorting complete. Time (s): cpu = 00:00:00 ; elapsed = 00:00:00.005 . Memory (MB): peak = 1480.797 ; gain = 0.000
INFO: [Project 1-570] Preparing netlist for logic optimization

Processing XDC Constraints
Initializing timing engine
Parsing XDC File [C:/Users/benny/Documents/Vivado/140/Assignment_1_Factorial_Accelerator/Assignment_1_Factorial_Accelerator.srcs/constrs_1/new/Basys3_RevB.xdc]
Finished Parsing XDC File [C:/Users/benny/Documents/Vivado/140/Assignment_1_Factorial_Accelerator/Assignment_1_Factorial_Accelerator.srcs/constrs_1/new/Basys3_RevB.xdc]
INFO: [Project 1-236] Implementation specific constraints were found while reading constraint file [C:/Users/benny/Documents/Vivado/140/Assignment_1_Factorial_Accelerator/Assignment_1_Factorial_Accelerator.srcs/constrs_1/new/Basys3_RevB.xdc]. These constraints will be ignored for synthesis but will be used in implementation. Impacted constraints are listed in the file [.Xil/basys3_top_propImpl.xdc].
Resolution: To avoid this warning, move constraints listed in [.Xil/basys3_top_propImpl.xdc] to another XDC file and exclude this new file from synthesis with the used_in_synthesis property (File Properties dialog in GUI) and re-run elaboration/synthesis.
Completed Processing XDC Constraints

Netlist sorting complete. Time (s): cpu = 00:00:00 ; elapsed = 00:00:00 . Memory (MB): peak = 1576.848 ; gain = 0.000
INFO: [Project 1-111] Unisim Transformation Summary:
No Unisim elements were transformed.

Constraint Validation Runtime : Time (s): cpu = 00:00:00 ; elapsed = 00:00:00.003 . Memory (MB): peak = 1576.848 ; gain = 0.000
INFO: [Designutils 20-5440] No compile time benefit to using incremental synthesis; A full resynthesis will be run
INFO: [Designutils 20-4379] Flow is switching to default flow due to incremental criteria not met. If you would like to alter this behaviour and have the flow terminate instead, please set the following parameter config_implementation {autoIncr.Synth.RejectBehavior Terminate}
---------------------------------------------------------------------------------
Finished Constraint Validation : Time (s): cpu = 00:00:17 ; elapsed = 00:00:18 . Memory (MB): peak = 1576.848 ; gain = 657.414
---------------------------------------------------------------------------------
---------------------------------------------------------------------------------
Start Loading Part and Timing Information
---------------------------------------------------------------------------------
Loading part: xc7a35tcpg236-1
---------------------------------------------------------------------------------
Finished Loading Part and Timing Information : Time (s): cpu = 00:00:17 ; elapsed = 00:00:18 . Memory (MB): peak = 1576.848 ; gain = 657.414
---------------------------------------------------------------------------------
---------------------------------------------------------------------------------
Start Applying 'set_property' XDC Constraints
---------------------------------------------------------------------------------
---------------------------------------------------------------------------------
Finished applying 'set_property' XDC Constraints : Time (s): cpu = 00:00:17 ; elapsed = 00:00:18 . Memory (MB): peak = 1576.848 ; gain = 657.414
---------------------------------------------------------------------------------
INFO: [Synth 8-802] inferred FSM for state register 'state_reg' in module 'control_unit'
---------------------------------------------------------------------------------------------------
                   State |                     New Encoding |                Previous Encoding 
---------------------------------------------------------------------------------------------------
                      s0 |                          0000001 |                              000
                      s1 |                          1000000 |                              001
                      s2 |                          0100000 |                              010
                      s4 |                          0010000 |                              100
                      s3 |                          0001000 |                              011
                      s5 |                          0000100 |                              101
                      s6 |                          0000010 |                              110
---------------------------------------------------------------------------------------------------
INFO: [Synth 8-3354] encoded FSM with state register 'state_reg' using encoding 'one-hot' in module 'control_unit'
---------------------------------------------------------------------------------
Finished RTL Optimization Phase 2 : Time (s): cpu = 00:00:18 ; elapsed = 00:00:19 . Memory (MB): peak = 1576.848 ; gain = 657.414
---------------------------------------------------------------------------------
---------------------------------------------------------------------------------
Start RTL Component Statistics 
---------------------------------------------------------------------------------
Detailed RTL Component Info : 
+---Adders : 
	   2 Input   32 Bit       Adders := 2     
	   2 Input    2 Bit       Adders := 1     
+---Registers : 
	               32 Bit    Registers := 3     
	                2 Bit    Registers := 1     
	                1 Bit    Registers := 2     
+---Multipliers : 
	              32x32  Multipliers := 1     
+---Muxes : 
	   2 Input   32 Bit        Muxes := 4     
	   7 Input    7 Bit        Muxes := 1     
	   2 Input    7 Bit        Muxes := 5     
	   4 Input    7 Bit        Muxes := 1     
	   2 Input    4 Bit        Muxes := 4     
	   4 Input    4 Bit        Muxes := 1     
	   2 Input    1 Bit        Muxes := 1     
	  16 Input    1 Bit        Muxes := 28    
---------------------------------------------------------------------------------
Finished RTL Component Statistics 
---------------------------------------------------------------------------------
---------------------------------------------------------------------------------
Start Part Resource Summary
---------------------------------------------------------------------------------
Part Resources:
DSPs: 90 (col length:60)
BRAMs: 100 (col length: RAMB18 60 RAMB36 30)
---------------------------------------------------------------------------------
Finished Part Resource Summary
---------------------------------------------------------------------------------
---------------------------------------------------------------------------------
Start Cross Boundary and Area Optimization
---------------------------------------------------------------------------------
WARNING: [Synth 8-7080] Parallel synthesis criteria is not met
DSP Report: Generating DSP FDUT/DP/n_prod, operation Mode is: A2*B.
DSP Report: register FDUT/DP/n_prod is absorbed into DSP FDUT/DP/n_prod.
DSP Report: operator FDUT/DP/n_prod is absorbed into DSP FDUT/DP/n_prod.
DSP Report: operator FDUT/DP/n_prod is absorbed into DSP FDUT/DP/n_prod.
DSP Report: Generating DSP FDUT/DP/n_prod, operation Mode is: (PCIN>>17)+A2*B.
DSP Report: register FDUT/DP/n_prod is absorbed into DSP FDUT/DP/n_prod.
DSP Report: operator FDUT/DP/n_prod is absorbed into DSP FDUT/DP/n_prod.
DSP Report: operator FDUT/DP/n_prod is absorbed into DSP FDUT/DP/n_prod.
DSP Report: Generating DSP FDUT/DP/n_prod, operation Mode is: A*B2.
DSP Report: register FDUT/DP/down_counter/count_reg is absorbed into DSP FDUT/DP/n_prod.
DSP Report: operator FDUT/DP/n_prod is absorbed into DSP FDUT/DP/n_prod.
DSP Report: operator FDUT/DP/n_prod is absorbed into DSP FDUT/DP/n_prod.
DSP Report: Generating DSP FDUT/DP/n_prod, operation Mode is: (PCIN>>17)+A2*B.
DSP Report: register FDUT/DP/down_counter/count_reg is absorbed into DSP FDUT/DP/n_prod.
DSP Report: operator FDUT/DP/n_prod is absorbed into DSP FDUT/DP/n_prod.
DSP Report: operator FDUT/DP/n_prod is absorbed into DSP FDUT/DP/n_prod.
---------------------------------------------------------------------------------
Finished Cross Boundary and Area Optimization : Time (s): cpu = 00:00:23 ; elapsed = 00:00:24 . Memory (MB): peak = 1576.848 ; gain = 657.414
---------------------------------------------------------------------------------
 Sort Area is  FDUT/DP/n_prod_3 : 0 0 : 3119 5915 : Used 1 time 0
 Sort Area is  FDUT/DP/n_prod_3 : 0 1 : 2796 5915 : Used 1 time 0
 Sort Area is  FDUT/DP/n_prod_0 : 0 0 : 2775 5450 : Used 1 time 0
 Sort Area is  FDUT/DP/n_prod_0 : 0 1 : 2675 5450 : Used 1 time 0
---------------------------------------------------------------------------------
Start ROM, RAM, DSP, Shift Register and Retiming Reporting
---------------------------------------------------------------------------------

DSP: Preliminary Mapping Report (see note below. The ' indicates corresponding REG is set)
+------------+-----------------+--------+--------+--------+--------+--------+------+------+------+------+-------+------+------+
|Module Name | DSP Mapping     | A Size | B Size | C Size | D Size | P Size | AREG | BREG | CREG | DREG | ADREG | MREG | PREG | 
+------------+-----------------+--------+--------+--------+--------+--------+------+------+------+------+-------+------+------+
|basys3_top  | A2*B            | 18     | 18     | -      | -      | 48     | 1    | 0    | -    | -    | -     | 0    | 0    | 
|basys3_top  | (PCIN>>17)+A2*B | 18     | 16     | -      | -      | 48     | 1    | 0    | -    | -    | -     | 0    | 0    | 
|basys3_top  | A*B2            | 18     | 16     | -      | -      | 48     | 0    | 1    | -    | -    | -     | 0    | 0    | 
|basys3_top  | (PCIN>>17)+A2*B | 16     | 16     | -      | -      | 48     | 1    | 0    | -    | -    | -     | 0    | 0    | 
+------------+-----------------+--------+--------+--------+--------+--------+------+------+------+------+-------+------+------+

Note: The table above is a preliminary report that shows the DSPs inferred at the current stage of the synthesis flow. Some DSP may be reimplemented as non DSP primitives later in the synthesis flow. Multiple instantiated DSPs are reported only once.
---------------------------------------------------------------------------------
Finished ROM, RAM, DSP, Shift Register and Retiming Reporting
---------------------------------------------------------------------------------
---------------------------------------------------------------------------------
Start Applying XDC Timing Constraints
---------------------------------------------------------------------------------
---------------------------------------------------------------------------------
Finished Applying XDC Timing Constraints : Time (s): cpu = 00:00:33 ; elapsed = 00:00:34 . Memory (MB): peak = 1576.848 ; gain = 657.414
---------------------------------------------------------------------------------
---------------------------------------------------------------------------------
Start Timing Optimization
---------------------------------------------------------------------------------
---------------------------------------------------------------------------------
Finished Timing Optimization : Time (s): cpu = 00:00:33 ; elapsed = 00:00:35 . Memory (MB): peak = 1576.848 ; gain = 657.414
---------------------------------------------------------------------------------
---------------------------------------------------------------------------------
Start Technology Mapping
---------------------------------------------------------------------------------
---------------------------------------------------------------------------------
Finished Technology Mapping : Time (s): cpu = 00:00:34 ; elapsed = 00:00:35 . Memory (MB): peak = 1576.848 ; gain = 657.414
---------------------------------------------------------------------------------
---------------------------------------------------------------------------------
Start IO Insertion
---------------------------------------------------------------------------------
---------------------------------------------------------------------------------
Start Flattening Before IO Insertion
---------------------------------------------------------------------------------
---------------------------------------------------------------------------------
Finished Flattening Before IO Insertion
---------------------------------------------------------------------------------
---------------------------------------------------------------------------------
Start Final Netlist Cleanup
---------------------------------------------------------------------------------
---------------------------------------------------------------------------------
Finished Final Netlist Cleanup
---------------------------------------------------------------------------------
---------------------------------------------------------------------------------
Finished IO Insertion : Time (s): cpu = 00:00:39 ; elapsed = 00:00:40 . Memory (MB): peak = 1576.848 ; gain = 657.414
---------------------------------------------------------------------------------
---------------------------------------------------------------------------------
Start Renaming Generated Instances
---------------------------------------------------------------------------------
---------------------------------------------------------------------------------
Finished Renaming Generated Instances : Time (s): cpu = 00:00:39 ; elapsed = 00:00:40 . Memory (MB): peak = 1576.848 ; gain = 657.414
---------------------------------------------------------------------------------
---------------------------------------------------------------------------------
Start Rebuilding User Hierarchy
---------------------------------------------------------------------------------
---------------------------------------------------------------------------------
Finished Rebuilding User Hierarchy : Time (s): cpu = 00:00:39 ; elapsed = 00:00:41 . Memory (MB): peak = 1576.848 ; gain = 657.414
---------------------------------------------------------------------------------
---------------------------------------------------------------------------------
Start Renaming Generated Ports
---------------------------------------------------------------------------------
---------------------------------------------------------------------------------
Finished Renaming Generated Ports : Time (s): cpu = 00:00:39 ; elapsed = 00:00:41 . Memory (MB): peak = 1576.848 ; gain = 657.414
---------------------------------------------------------------------------------
---------------------------------------------------------------------------------
Start Handling Custom Attributes
---------------------------------------------------------------------------------
---------------------------------------------------------------------------------
Finished Handling Custom Attributes : Time (s): cpu = 00:00:39 ; elapsed = 00:00:41 . Memory (MB): peak = 1576.848 ; gain = 657.414
---------------------------------------------------------------------------------
---------------------------------------------------------------------------------
Start Renaming Generated Nets
---------------------------------------------------------------------------------
---------------------------------------------------------------------------------
Finished Renaming Generated Nets : Time (s): cpu = 00:00:39 ; elapsed = 00:00:41 . Memory (MB): peak = 1576.848 ; gain = 657.414
---------------------------------------------------------------------------------
---------------------------------------------------------------------------------
Start Writing Synthesis Report
---------------------------------------------------------------------------------

DSP Final Report (the ' indicates corresponding REG is set)
+------------+---------------+--------+--------+--------+--------+--------+------+------+------+------+-------+------+------+
|Module Name | DSP Mapping   | A Size | B Size | C Size | D Size | P Size | AREG | BREG | CREG | DREG | ADREG | MREG | PREG | 
+------------+---------------+--------+--------+--------+--------+--------+------+------+------+------+-------+------+------+
|basys3_top  | A'*B          | 17     | 17     | -      | -      | 48     | 1    | 0    | -    | -    | -     | 0    | 0    | 
|basys3_top  | PCIN>>17+A*B' | 0      | 15     | -      | -      | 48     | 0    | 1    | -    | -    | -     | 0    | 0    | 
|basys3_top  | A*B'          | 17     | 15     | -      | -      | 48     | 0    | 1    | -    | -    | -     | 0    | 0    | 
+------------+---------------+--------+--------+--------+--------+--------+------+------+------+------+-------+------+------+


Report BlackBoxes: 
+-+--------------+----------+
| |BlackBox name |Instances |
+-+--------------+----------+
+-+--------------+----------+

Report Cell Usage: 
+------+--------+------+
|      |Cell    |Count |
+------+--------+------+
|1     |BUFG    |     1|
|2     |CARRY4  |    28|
|3     |DSP48E1 |     3|
|6     |LUT1    |    34|
|7     |LUT2    |   105|
|8     |LUT3    |    30|
|9     |LUT4    |    57|
|10    |LUT5    |    16|
|11    |LUT6    |    72|
|12    |FDRE    |   105|
|13    |FDSE    |     1|
|14    |IBUF    |    17|
|15    |OBUF    |    27|
+------+--------+------+
---------------------------------------------------------------------------------
Finished Writing Synthesis Report : Time (s): cpu = 00:00:39 ; elapsed = 00:00:41 . Memory (MB): peak = 1576.848 ; gain = 657.414
---------------------------------------------------------------------------------
Synthesis finished with 0 errors, 0 critical warnings and 1 warnings.
Synthesis Optimization Runtime : Time (s): cpu = 00:00:30 ; elapsed = 00:00:39 . Memory (MB): peak = 1576.848 ; gain = 561.363
Synthesis Optimization Complete : Time (s): cpu = 00:00:40 ; elapsed = 00:00:41 . Memory (MB): peak = 1576.848 ; gain = 657.414
INFO: [Project 1-571] Translating synthesized netlist
Netlist sorting complete. Time (s): cpu = 00:00:00 ; elapsed = 00:00:00.005 . Memory (MB): peak = 1576.848 ; gain = 0.000
INFO: [Netlist 29-17] Analyzing 31 Unisim elements for replacement
INFO: [Netlist 29-28] Unisim Transformation completed in 0 CPU seconds
INFO: [Project 1-570] Preparing netlist for logic optimization
INFO: [Opt 31-138] Pushed 0 inverter(s) to 0 load pin(s).
Netlist sorting complete. Time (s): cpu = 00:00:00 ; elapsed = 00:00:00 . Memory (MB): peak = 1576.848 ; gain = 0.000
INFO: [Project 1-111] Unisim Transformation Summary:
No Unisim elements were transformed.

Synth Design complete | Checksum: 200fe35e
INFO: [Common 17-83] Releasing license: Synthesis
50 Infos, 19 Warnings, 0 Critical Warnings and 0 Errors encountered.
synth_design completed successfully
synth_design: Time (s): cpu = 00:00:45 ; elapsed = 00:00:48 . Memory (MB): peak = 1576.848 ; gain = 1057.395
Write ShapeDB Complete: Time (s): cpu = 00:00:00 ; elapsed = 00:00:00.003 . Memory (MB): peak = 1576.848 ; gain = 0.000
INFO: [Common 17-1381] The checkpoint 'C:/Users/benny/Documents/Vivado/140/Assignment_1_Factorial_Accelerator/Assignment_1_Factorial_Accelerator.runs/synth_1/basys3_top.dcp' has been generated.
INFO: [Vivado 12-24828] Executing command : report_utilization -file basys3_top_utilization_synth.rpt -pb basys3_top_utilization_synth.pb
INFO: [Common 17-206] Exiting Vivado at Thu Sep 11 10:19:53 2025...
